[ 2016-09-15T23:35:32+08:00 ] ::1 /Sky/materialize/img/stripes.png
INFO: [ app_init ] --START--
INFO: Run Behavior\BuildLiteBehavior [ RunTime:0.000000s ]
INFO: [ app_init ] --END-- [ RunTime:0.001000s ]
ERR: 无法加载模块:Materialize

[ 2016-09-15T23:36:01+08:00 ] ::1 /Sky/materialize/img/stripes.png
INFO: [ app_init ] --START--
INFO: Run Behavior\BuildLiteBehavior [ RunTime:0.000000s ]
INFO: [ app_init ] --END-- [ RunTime:0.001000s ]
ERR: 无法加载模块:Materialize

[ 2016-09-15T23:37:39+08:00 ] ::1 /Sky/materialize/img/stripes.png
INFO: [ app_init ] --START--
INFO: Run Behavior\BuildLiteBehavior [ RunTime:0.000000s ]
INFO: [ app_init ] --END-- [ RunTime:0.001000s ]
ERR: 无法加载模块:Materialize

[ 2016-09-15T23:41:30+08:00 ] ::1 /Sky/materialize/img/stripes.png
INFO: [ app_init ] --START--
INFO: Run Behavior\BuildLiteBehavior [ RunTime:0.000000s ]
INFO: [ app_init ] --END-- [ RunTime:0.000000s ]
ERR: 无法加载模块:Materialize

[ 2016-09-15T23:42:34+08:00 ] ::1 /Sky/materialize/img/stripes.png
INFO: [ app_init ] --START--
INFO: Run Behavior\BuildLiteBehavior [ RunTime:0.000000s ]
INFO: [ app_init ] --END-- [ RunTime:0.001000s ]
ERR: 无法加载模块:Materialize

[ 2016-09-15T23:43:10+08:00 ] ::1 /Sky/materialize/img/stripes.png
INFO: [ app_init ] --START--
INFO: Run Behavior\BuildLiteBehavior [ RunTime:0.000000s ]
INFO: [ app_init ] --END-- [ RunTime:0.001000s ]
ERR: 无法加载模块:Materialize

[ 2016-09-15T23:43:11+08:00 ] ::1 /Sky/materialize/img/stripes.png
INFO: [ app_init ] --START--
INFO: Run Behavior\BuildLiteBehavior [ RunTime:0.000000s ]
INFO: [ app_init ] --END-- [ RunTime:0.000000s ]
ERR: 无法加载模块:Materialize

[ 2016-09-15T23:43:23+08:00 ] ::1 /Sky/materialize/img/stripes.png
INFO: [ app_init ] --START--
INFO: Run Behavior\BuildLiteBehavior [ RunTime:0.001000s ]
INFO: [ app_init ] --END-- [ RunTime:0.001000s ]
ERR: 无法加载模块:Materialize

[ 2016-09-15T23:43:44+08:00 ] ::1 /Sky/materialize/img/stripes.png
INFO: [ app_init ] --START--
INFO: Run Behavior\BuildLiteBehavior [ RunTime:0.000000s ]
INFO: [ app_init ] --END-- [ RunTime:0.000000s ]
ERR: 无法加载模块:Materialize

[ 2016-09-15T23:43:54+08:00 ] ::1 /Sky/materialize/img/stripes.png
INFO: [ app_init ] --START--
INFO: Run Behavior\BuildLiteBehavior [ RunTime:0.000000s ]
INFO: [ app_init ] --END-- [ RunTime:0.001000s ]
ERR: 无法加载模块:Materialize

[ 2016-09-15T23:44:16+08:00 ] ::1 /Sky/materialize/img/stripes.png
INFO: [ app_init ] --START--
INFO: Run Behavior\BuildLiteBehavior [ RunTime:0.000000s ]
INFO: [ app_init ] --END-- [ RunTime:0.000000s ]
ERR: 无法加载模块:Materialize

[ 2016-09-15T23:45:01+08:00 ] ::1 /Sky/materialize/img/stripes.png
INFO: [ app_init ] --START--
INFO: Run Behavior\BuildLiteBehavior [ RunTime:0.000000s ]
INFO: [ app_init ] --END-- [ RunTime:0.000000s ]
ERR: 无法加载模块:Materialize

[ 2016-09-15T23:46:31+08:00 ] ::1 /Sky/materialize/img/sky.png
INFO: [ app_init ] --START--
INFO: Run Behavior\BuildLiteBehavior [ RunTime:0.000000s ]
INFO: [ app_init ] --END-- [ RunTime:0.000000s ]
ERR: 无法加载模块:Materialize

[ 2016-09-15T23:46:34+08:00 ] ::1 /Sky/materialize/img/sky.png
INFO: [ app_init ] --START--
INFO: Run Behavior\BuildLiteBehavior [ RunTime:0.000000s ]
INFO: [ app_init ] --END-- [ RunTime:0.001000s ]
ERR: 无法加载模块:Materialize

